<?xml version="1.0" encoding="UTF-8"?>
<!-- Generated by org.testng.reporters.JUnitXMLReporter -->
<testsuite hostname="Shahin-PC" ignored="0" name="Free CRM App Test Cases" tests="13" failures="0" timestamp="28 Aug 2019 09:31:53 GMT" time="141.152" errors="0">
  <testcase name="validateCreateNewContactsTest" time="1.467" classname="com.crm.qa.testcases.ContactsPageTest"/>
  <testcase name="validateCreateNewContactsTest" time="1.446" classname="com.crm.qa.testcases.ContactsPageTest"/>
  <testcase name="validateCreateNewContactsTest" time="1.467" classname="com.crm.qa.testcases.ContactsPageTest"/>
  <testcase name="validateCreateNewContactsTest" time="1.582" classname="com.crm.qa.testcases.ContactsPageTest"/>
  <testcase name="validateCreateNewContactsTest" time="1.431" classname="com.crm.qa.testcases.ContactsPageTest"/>
  <testcase name="verifyHomePageTitleTest" time="0.012" classname="com.crm.qa.testcases.HomePageTest"/>
  <testcase name="verifyUserNameTest" time="0.087" classname="com.crm.qa.testcases.HomePageTest"/>
  <testcase name="verifyContactsPageLableTest" time="0.039" classname="com.crm.qa.testcases.ContactsPageTest"/>
  <testcase name="verifyContactsLinkTest" time="0.751" classname="com.crm.qa.testcases.HomePageTest"/>
  <testcase name="LogingPageTitleTest" time="0.049" classname="com.crm.qa.testcases.LoginPageTest"/>
  <testcase name="crmlogoImageTest" time="0.07" classname="com.crm.qa.testcases.LoginPageTest"/>
  <testcase name="loginTest" time="2.35" classname="com.crm.qa.testcases.LoginPageTest"/>
  <testcase name="signUpLinkTest" time="0.148" classname="com.crm.qa.testcases.LoginPageTest"/>
</testsuite> <!-- Free CRM App Test Cases -->
