<?xml version="1.0" encoding="UTF-8"?>
<testng-results skipped="0" failed="0" ignored="0" total="13" passed="13">
  <reporter-output>
  </reporter-output>
  <suite name="Free CRM Application Test Automation Suite" duration-ms="141152" started-at="2019-08-28T09:29:32Z" finished-at="2019-08-28T09:31:53Z">
    <groups>
    </groups>
    <test name="Free CRM App Test Cases" duration-ms="141152" started-at="2019-08-28T09:29:32Z" finished-at="2019-08-28T09:31:53Z">
      <class name="com.crm.qa.testcases.HomePageTest">
        <test-method status="PASS" signature="SetUp()[pri:0, instance:com.crm.qa.testcases.HomePageTest@4667ae56]" name="SetUp" is-config="true" duration-ms="9419" started-at="2019-08-28T09:30:36Z" finished-at="2019-08-28T09:30:46Z">
          <reporter-output>
          </reporter-output>
        </test-method> <!-- SetUp -->
        <test-method status="PASS" signature="verifyHomePageTitleTest()[pri:0, instance:com.crm.qa.testcases.HomePageTest@4667ae56]" name="verifyHomePageTitleTest" duration-ms="12" started-at="2019-08-28T09:30:46Z" finished-at="2019-08-28T09:30:46Z">
          <reporter-output>
          </reporter-output>
        </test-method> <!-- verifyHomePageTitleTest -->
        <test-method status="PASS" signature="tearDown()[pri:0, instance:com.crm.qa.testcases.HomePageTest@4667ae56]" name="tearDown" is-config="true" duration-ms="676" started-at="2019-08-28T09:30:46Z" finished-at="2019-08-28T09:30:47Z">
          <reporter-output>
          </reporter-output>
        </test-method> <!-- tearDown -->
        <test-method status="PASS" signature="SetUp()[pri:0, instance:com.crm.qa.testcases.HomePageTest@4667ae56]" name="SetUp" is-config="true" duration-ms="9261" started-at="2019-08-28T09:30:47Z" finished-at="2019-08-28T09:30:56Z">
          <reporter-output>
          </reporter-output>
        </test-method> <!-- SetUp -->
        <test-method status="PASS" signature="verifyUserNameTest()[pri:0, instance:com.crm.qa.testcases.HomePageTest@4667ae56]" name="verifyUserNameTest" duration-ms="87" started-at="2019-08-28T09:30:56Z" finished-at="2019-08-28T09:30:56Z">
          <reporter-output>
          </reporter-output>
        </test-method> <!-- verifyUserNameTest -->
        <test-method status="PASS" signature="tearDown()[pri:0, instance:com.crm.qa.testcases.HomePageTest@4667ae56]" name="tearDown" is-config="true" duration-ms="691" started-at="2019-08-28T09:30:56Z" finished-at="2019-08-28T09:30:57Z">
          <reporter-output>
          </reporter-output>
        </test-method> <!-- tearDown -->
        <test-method status="PASS" signature="SetUp()[pri:0, instance:com.crm.qa.testcases.HomePageTest@4667ae56]" name="SetUp" is-config="true" duration-ms="10507" started-at="2019-08-28T09:31:08Z" finished-at="2019-08-28T09:31:18Z">
          <reporter-output>
          </reporter-output>
        </test-method> <!-- SetUp -->
        <test-method status="PASS" signature="verifyContactsLinkTest()[pri:1, instance:com.crm.qa.testcases.HomePageTest@4667ae56]" name="verifyContactsLinkTest" duration-ms="751" started-at="2019-08-28T09:31:18Z" finished-at="2019-08-28T09:31:19Z">
          <reporter-output>
          </reporter-output>
        </test-method> <!-- verifyContactsLinkTest -->
        <test-method status="PASS" signature="tearDown()[pri:0, instance:com.crm.qa.testcases.HomePageTest@4667ae56]" name="tearDown" is-config="true" duration-ms="755" started-at="2019-08-28T09:31:19Z" finished-at="2019-08-28T09:31:20Z">
          <reporter-output>
          </reporter-output>
        </test-method> <!-- tearDown -->
      </class> <!-- com.crm.qa.testcases.HomePageTest -->
      <class name="com.crm.qa.testcases.ContactsPageTest">
        <test-method status="PASS" signature="SetUp()[pri:0, instance:com.crm.qa.testcases.ContactsPageTest@1a968a59]" name="SetUp" is-config="true" duration-ms="11902" started-at="2019-08-28T09:29:33Z" finished-at="2019-08-28T09:29:45Z">
          <reporter-output>
          </reporter-output>
        </test-method> <!-- SetUp -->
        <test-method status="PASS" signature="validateCreateNewContactsTest(java.lang.String, java.lang.String, java.lang.String, java.lang.String)[pri:0, instance:com.crm.qa.testcases.ContactsPageTest@1a968a59]" name="validateCreateNewContactsTest" duration-ms="1467" started-at="2019-08-28T09:29:45Z" data-provider="getCRMTestData" finished-at="2019-08-28T09:29:46Z">
          <params>
            <param index="0">
              <value>
                <![CDATA[Mr.]]>
              </value>
            </param>
            <param index="1">
              <value>
                <![CDATA[roy]]>
              </value>
            </param>
            <param index="2">
              <value>
                <![CDATA[dada]]>
              </value>
            </param>
            <param index="3">
              <value>
                <![CDATA[Google]]>
              </value>
            </param>
          </params>
          <reporter-output>
          </reporter-output>
        </test-method> <!-- validateCreateNewContactsTest -->
        <test-method status="PASS" signature="tearDown()[pri:0, instance:com.crm.qa.testcases.ContactsPageTest@1a968a59]" name="tearDown" is-config="true" duration-ms="703" started-at="2019-08-28T09:29:46Z" finished-at="2019-08-28T09:29:47Z">
          <reporter-output>
          </reporter-output>
        </test-method> <!-- tearDown -->
        <test-method status="PASS" signature="SetUp()[pri:0, instance:com.crm.qa.testcases.ContactsPageTest@1a968a59]" name="SetUp" is-config="true" duration-ms="9752" started-at="2019-08-28T09:29:47Z" finished-at="2019-08-28T09:29:56Z">
          <reporter-output>
          </reporter-output>
        </test-method> <!-- SetUp -->
        <test-method status="PASS" signature="validateCreateNewContactsTest(java.lang.String, java.lang.String, java.lang.String, java.lang.String)[pri:0, instance:com.crm.qa.testcases.ContactsPageTest@1a968a59]" name="validateCreateNewContactsTest" duration-ms="1446" started-at="2019-08-28T09:29:56Z" data-provider="getCRMTestData" finished-at="2019-08-28T09:29:58Z">
          <params>
            <param index="0">
              <value>
                <![CDATA[Dr.]]>
              </value>
            </param>
            <param index="1">
              <value>
                <![CDATA[shahin]]>
              </value>
            </param>
            <param index="2">
              <value>
                <![CDATA[alam]]>
              </value>
            </param>
            <param index="3">
              <value>
                <![CDATA[Amazon]]>
              </value>
            </param>
          </params>
          <reporter-output>
          </reporter-output>
        </test-method> <!-- validateCreateNewContactsTest -->
        <test-method status="PASS" signature="tearDown()[pri:0, instance:com.crm.qa.testcases.ContactsPageTest@1a968a59]" name="tearDown" is-config="true" duration-ms="697" started-at="2019-08-28T09:29:58Z" finished-at="2019-08-28T09:29:59Z">
          <reporter-output>
          </reporter-output>
        </test-method> <!-- tearDown -->
        <test-method status="PASS" signature="SetUp()[pri:0, instance:com.crm.qa.testcases.ContactsPageTest@1a968a59]" name="SetUp" is-config="true" duration-ms="10707" started-at="2019-08-28T09:29:59Z" finished-at="2019-08-28T09:30:09Z">
          <reporter-output>
          </reporter-output>
        </test-method> <!-- SetUp -->
        <test-method status="PASS" signature="validateCreateNewContactsTest(java.lang.String, java.lang.String, java.lang.String, java.lang.String)[pri:0, instance:com.crm.qa.testcases.ContactsPageTest@1a968a59]" name="validateCreateNewContactsTest" duration-ms="1467" started-at="2019-08-28T09:30:09Z" data-provider="getCRMTestData" finished-at="2019-08-28T09:30:11Z">
          <params>
            <param index="0">
              <value>
                <![CDATA[Mrs.]]>
              </value>
            </param>
            <param index="1">
              <value>
                <![CDATA[alef]]>
              </value>
            </param>
            <param index="2">
              <value>
                <![CDATA[bro]]>
              </value>
            </param>
            <param index="3">
              <value>
                <![CDATA[Ebay]]>
              </value>
            </param>
          </params>
          <reporter-output>
          </reporter-output>
        </test-method> <!-- validateCreateNewContactsTest -->
        <test-method status="PASS" signature="tearDown()[pri:0, instance:com.crm.qa.testcases.ContactsPageTest@1a968a59]" name="tearDown" is-config="true" duration-ms="697" started-at="2019-08-28T09:30:11Z" finished-at="2019-08-28T09:30:11Z">
          <reporter-output>
          </reporter-output>
        </test-method> <!-- tearDown -->
        <test-method status="PASS" signature="SetUp()[pri:0, instance:com.crm.qa.testcases.ContactsPageTest@1a968a59]" name="SetUp" is-config="true" duration-ms="10155" started-at="2019-08-28T09:30:11Z" finished-at="2019-08-28T09:30:22Z">
          <reporter-output>
          </reporter-output>
        </test-method> <!-- SetUp -->
        <test-method status="PASS" signature="validateCreateNewContactsTest(java.lang.String, java.lang.String, java.lang.String, java.lang.String)[pri:0, instance:com.crm.qa.testcases.ContactsPageTest@1a968a59]" name="validateCreateNewContactsTest" duration-ms="1582" started-at="2019-08-28T09:30:22Z" data-provider="getCRMTestData" finished-at="2019-08-28T09:30:23Z">
          <params>
            <param index="0">
              <value>
                <![CDATA[Mr.]]>
              </value>
            </param>
            <param index="1">
              <value>
                <![CDATA[sofik]]>
              </value>
            </param>
            <param index="2">
              <value>
                <![CDATA[vai]]>
              </value>
            </param>
            <param index="3">
              <value>
                <![CDATA[Google]]>
              </value>
            </param>
          </params>
          <reporter-output>
          </reporter-output>
        </test-method> <!-- validateCreateNewContactsTest -->
        <test-method status="PASS" signature="tearDown()[pri:0, instance:com.crm.qa.testcases.ContactsPageTest@1a968a59]" name="tearDown" is-config="true" duration-ms="690" started-at="2019-08-28T09:30:23Z" finished-at="2019-08-28T09:30:24Z">
          <reporter-output>
          </reporter-output>
        </test-method> <!-- tearDown -->
        <test-method status="PASS" signature="SetUp()[pri:0, instance:com.crm.qa.testcases.ContactsPageTest@1a968a59]" name="SetUp" is-config="true" duration-ms="10475" started-at="2019-08-28T09:30:24Z" finished-at="2019-08-28T09:30:34Z">
          <reporter-output>
          </reporter-output>
        </test-method> <!-- SetUp -->
        <test-method status="PASS" signature="validateCreateNewContactsTest(java.lang.String, java.lang.String, java.lang.String, java.lang.String)[pri:0, instance:com.crm.qa.testcases.ContactsPageTest@1a968a59]" name="validateCreateNewContactsTest" duration-ms="1431" started-at="2019-08-28T09:30:34Z" data-provider="getCRMTestData" finished-at="2019-08-28T09:30:36Z">
          <params>
            <param index="0">
              <value>
                <![CDATA[Dr.]]>
              </value>
            </param>
            <param index="1">
              <value>
                <![CDATA[ripon]]>
              </value>
            </param>
            <param index="2">
              <value>
                <![CDATA[boos]]>
              </value>
            </param>
            <param index="3">
              <value>
                <![CDATA[Amazon]]>
              </value>
            </param>
          </params>
          <reporter-output>
          </reporter-output>
        </test-method> <!-- validateCreateNewContactsTest -->
        <test-method status="PASS" signature="tearDown()[pri:0, instance:com.crm.qa.testcases.ContactsPageTest@1a968a59]" name="tearDown" is-config="true" duration-ms="695" started-at="2019-08-28T09:30:36Z" finished-at="2019-08-28T09:30:36Z">
          <reporter-output>
          </reporter-output>
        </test-method> <!-- tearDown -->
        <test-method status="PASS" signature="SetUp()[pri:0, instance:com.crm.qa.testcases.ContactsPageTest@1a968a59]" name="SetUp" is-config="true" duration-ms="10454" started-at="2019-08-28T09:30:57Z" finished-at="2019-08-28T09:31:07Z">
          <reporter-output>
          </reporter-output>
        </test-method> <!-- SetUp -->
        <test-method status="PASS" signature="verifyContactsPageLableTest()[pri:1, instance:com.crm.qa.testcases.ContactsPageTest@1a968a59]" name="verifyContactsPageLableTest" duration-ms="39" started-at="2019-08-28T09:31:07Z" finished-at="2019-08-28T09:31:07Z">
          <reporter-output>
          </reporter-output>
        </test-method> <!-- verifyContactsPageLableTest -->
        <test-method status="PASS" signature="tearDown()[pri:0, instance:com.crm.qa.testcases.ContactsPageTest@1a968a59]" name="tearDown" is-config="true" duration-ms="703" started-at="2019-08-28T09:31:07Z" finished-at="2019-08-28T09:31:08Z">
          <reporter-output>
          </reporter-output>
        </test-method> <!-- tearDown -->
      </class> <!-- com.crm.qa.testcases.ContactsPageTest -->
      <class name="com.crm.qa.testcases.LoginPageTest">
        <test-method status="PASS" signature="SetUp()[pri:0, instance:com.crm.qa.testcases.LoginPageTest@77cd7a0]" name="SetUp" is-config="true" duration-ms="6719" started-at="2019-08-28T09:31:20Z" finished-at="2019-08-28T09:31:27Z">
          <reporter-output>
          </reporter-output>
        </test-method> <!-- SetUp -->
        <test-method status="PASS" signature="LogingPageTitleTest()[pri:1, instance:com.crm.qa.testcases.LoginPageTest@77cd7a0]" name="LogingPageTitleTest" duration-ms="49" started-at="2019-08-28T09:31:27Z" finished-at="2019-08-28T09:31:27Z">
          <reporter-output>
          </reporter-output>
        </test-method> <!-- LogingPageTitleTest -->
        <test-method status="PASS" signature="tearDown()[pri:0, instance:com.crm.qa.testcases.LoginPageTest@77cd7a0]" name="tearDown" is-config="true" duration-ms="686" started-at="2019-08-28T09:31:27Z" finished-at="2019-08-28T09:31:27Z">
          <reporter-output>
          </reporter-output>
        </test-method> <!-- tearDown -->
        <test-method status="PASS" signature="SetUp()[pri:0, instance:com.crm.qa.testcases.LoginPageTest@77cd7a0]" name="SetUp" is-config="true" duration-ms="6730" started-at="2019-08-28T09:31:27Z" finished-at="2019-08-28T09:31:34Z">
          <reporter-output>
          </reporter-output>
        </test-method> <!-- SetUp -->
        <test-method status="PASS" signature="crmlogoImageTest()[pri:2, instance:com.crm.qa.testcases.LoginPageTest@77cd7a0]" name="crmlogoImageTest" duration-ms="70" started-at="2019-08-28T09:31:34Z" finished-at="2019-08-28T09:31:34Z">
          <reporter-output>
          </reporter-output>
        </test-method> <!-- crmlogoImageTest -->
        <test-method status="PASS" signature="tearDown()[pri:0, instance:com.crm.qa.testcases.LoginPageTest@77cd7a0]" name="tearDown" is-config="true" duration-ms="680" started-at="2019-08-28T09:31:34Z" finished-at="2019-08-28T09:31:35Z">
          <reporter-output>
          </reporter-output>
        </test-method> <!-- tearDown -->
        <test-method status="PASS" signature="SetUp()[pri:0, instance:com.crm.qa.testcases.LoginPageTest@77cd7a0]" name="SetUp" is-config="true" duration-ms="6923" started-at="2019-08-28T09:31:35Z" finished-at="2019-08-28T09:31:42Z">
          <reporter-output>
          </reporter-output>
        </test-method> <!-- SetUp -->
        <test-method status="PASS" signature="loginTest()[pri:3, instance:com.crm.qa.testcases.LoginPageTest@77cd7a0]" name="loginTest" duration-ms="2350" started-at="2019-08-28T09:31:42Z" finished-at="2019-08-28T09:31:44Z">
          <reporter-output>
          </reporter-output>
        </test-method> <!-- loginTest -->
        <test-method status="PASS" signature="tearDown()[pri:0, instance:com.crm.qa.testcases.LoginPageTest@77cd7a0]" name="tearDown" is-config="true" duration-ms="694" started-at="2019-08-28T09:31:44Z" finished-at="2019-08-28T09:31:45Z">
          <reporter-output>
          </reporter-output>
        </test-method> <!-- tearDown -->
        <test-method status="PASS" signature="SetUp()[pri:0, instance:com.crm.qa.testcases.LoginPageTest@77cd7a0]" name="SetUp" is-config="true" duration-ms="7300" started-at="2019-08-28T09:31:45Z" finished-at="2019-08-28T09:31:52Z">
          <reporter-output>
          </reporter-output>
        </test-method> <!-- SetUp -->
        <test-method status="PASS" signature="signUpLinkTest()[pri:4, instance:com.crm.qa.testcases.LoginPageTest@77cd7a0]" name="signUpLinkTest" duration-ms="148" started-at="2019-08-28T09:31:52Z" finished-at="2019-08-28T09:31:52Z">
          <reporter-output>
          </reporter-output>
        </test-method> <!-- signUpLinkTest -->
        <test-method status="PASS" signature="tearDown()[pri:0, instance:com.crm.qa.testcases.LoginPageTest@77cd7a0]" name="tearDown" is-config="true" duration-ms="691" started-at="2019-08-28T09:31:52Z" finished-at="2019-08-28T09:31:53Z">
          <reporter-output>
          </reporter-output>
        </test-method> <!-- tearDown -->
      </class> <!-- com.crm.qa.testcases.LoginPageTest -->
    </test> <!-- Free CRM App Test Cases -->
  </suite> <!-- Free CRM Application Test Automation Suite -->
</testng-results>
